<?xml version="1.0" encoding="UTF-8"?>
<testsuites>
  <testsuite name="fastlane.lanes">
    
    
    
      
      <testcase classname="fastlane.lanes" name="0: default_platform" time="0.0061745">
        
      </testcase>
    
      
      <testcase classname="fastlane.lanes" name="1: flutter clean" time="1.7088793">
        
      </testcase>
    
      
      <testcase classname="fastlane.lanes" name="2: flutter build apk --release --flavor development --target lib/main_development.dart --no-tree-shake-icons" time="57.3510287">
        
          <failure message="C:/Ruby32-x64/lib/ruby/gems/3.2.0/gems/fastlane-2.220.0/fastlane/lib/fastlane/actions/actions_helper.rb:67:in `execute_action&apos;&#10;C:/Ruby32-x64/lib/ruby/gems/3.2.0/gems/fastlane-2.220.0/fastlane/lib/fastlane/fast_file.rb:222:in `sh&apos;&#10;C:/Ruby32-x64/lib/ruby/gems/3.2.0/gems/fastlane-2.220.0/fastlane/lib/fastlane/fast_file.rb:216:in `sh&apos;&#10;Fastfile:8:in `block (2 levels) in parsing_binding&apos;&#10;C:/Ruby32-x64/lib/ruby/gems/3.2.0/gems/fastlane-2.220.0/fastlane/lib/fastlane/lane.rb:41:in `call&apos;&#10;C:/Ruby32-x64/lib/ruby/gems/3.2.0/gems/fastlane-2.220.0/fastlane/lib/fastlane/runner.rb:49:in `block in execute&apos;&#10;C:/Ruby32-x64/lib/ruby/gems/3.2.0/gems/fastlane-2.220.0/fastlane/lib/fastlane/runner.rb:45:in `chdir&apos;&#10;C:/Ruby32-x64/lib/ruby/gems/3.2.0/gems/fastlane-2.220.0/fastlane/lib/fastlane/runner.rb:45:in `execute&apos;&#10;C:/Ruby32-x64/lib/ruby/gems/3.2.0/gems/fastlane-2.220.0/fastlane/lib/fastlane/lane_manager.rb:46:in `cruise_lane&apos;&#10;C:/Ruby32-x64/lib/ruby/gems/3.2.0/gems/fastlane-2.220.0/fastlane/lib/fastlane/command_line_handler.rb:34:in `handle&apos;&#10;C:/Ruby32-x64/lib/ruby/gems/3.2.0/gems/fastlane-2.220.0/fastlane/lib/fastlane/commands_generator.rb:110:in `block (2 levels) in run&apos;&#10;C:/Ruby32-x64/lib/ruby/gems/3.2.0/gems/commander-4.6.0/lib/commander/command.rb:187:in `call&apos;&#10;C:/Ruby32-x64/lib/ruby/gems/3.2.0/gems/commander-4.6.0/lib/commander/command.rb:157:in `run&apos;&#10;C:/Ruby32-x64/lib/ruby/gems/3.2.0/gems/commander-4.6.0/lib/commander/runner.rb:444:in `run_active_command&apos;&#10;C:/Ruby32-x64/lib/ruby/gems/3.2.0/gems/fastlane-2.220.0/fastlane_core/lib/fastlane_core/ui/fastlane_runner.rb:124:in `run!&apos;&#10;C:/Ruby32-x64/lib/ruby/gems/3.2.0/gems/commander-4.6.0/lib/commander/delegates.rb:18:in `run!&apos;&#10;C:/Ruby32-x64/lib/ruby/gems/3.2.0/gems/fastlane-2.220.0/fastlane/lib/fastlane/commands_generator.rb:363:in `run&apos;&#10;C:/Ruby32-x64/lib/ruby/gems/3.2.0/gems/fastlane-2.220.0/fastlane/lib/fastlane/commands_generator.rb:43:in `start&apos;&#10;C:/Ruby32-x64/lib/ruby/gems/3.2.0/gems/fastlane-2.220.0/fastlane/lib/fastlane/cli_tools_distributor.rb:123:in `take_off&apos;&#10;C:/Ruby32-x64/lib/ruby/gems/3.2.0/gems/fastlane-2.220.0/bin/fastlane:23:in `&lt;top (required)&gt;&apos;&#10;C:/Ruby32-x64/bin/fastlane:32:in `load&apos;&#10;C:/Ruby32-x64/bin/fastlane:32:in `&lt;main&gt;&apos;&#10;&#10;Exit status of command &apos;flutter build apk --release --flavor development --target lib/main_development.dart --no-tree-shake-icons&apos; was 1 instead of 0.&#10;Changing current working directory to: D:\Tabibk&#10;Resolving dependencies...&#10;Downloading packages...&#10;  _fe_analyzer_shared 67.0.0 (72.0.0 available)&#10;  analyzer 6.4.1 (6.7.0 available)&#10;  collection 1.18.0 (1.19.0 available)&#10;  connectivity 3.0.6 (discontinued)&#10;  firebase_core 2.32.0 (3.1.0 available)&#10;! flutter_localizations 0.0.0 from sdk flutter (overridden)&#10;  freezed 2.5.2 (2.5.3 available)&#10;  http_parser 4.0.2 (4.1.0 available)&#10;  js 0.6.7 (0.7.1 available)&#10;  leak_tracker 10.0.4 (10.0.5 available)&#10;  leak_tracker_flutter_testing 3.0.3 (3.0.5 available)&#10;  material_color_utilities 0.8.0 (0.12.0 available)&#10;  meta 1.12.0 (1.15.0 available)&#10;  rxdart 0.27.7 (0.28.0 available)&#10;  shelf 1.4.1 (1.4.2 available)&#10;  test_api 0.7.0 (0.7.2 available)&#10;  vm_service 14.2.1 (14.2.4 available)&#10;Got dependencies!&#10;1 package is discontinued.&#10;15 packages have newer versions incompatible with dependency constraints.&#10;Try `flutter pub outdated` for more information.&#10;&#10;Running Gradle task &apos;assembleDevelopmentRelease&apos;...             &#10;e: Daemon compilation failed: null&#10;java.lang.Exception&#10;	at org.jetbrains.kotlin.daemon.common.CompileService$CallResult$Error.get(CompileService.kt:69)&#10;	at org.jetbrains.kotlin.daemon.common.CompileService$CallResult$Error.get(CompileService.kt:65)&#10;	at org.jetbrains.kotlin.compilerRunner.GradleKotlinCompilerWork.compileWithDaemon(GradleKotlinCompilerWork.kt:244)&#10;	at org.jetbrains.kotlin.compilerRunner.GradleKotlinCompilerWork.compileWithDaemonOrFallbackImpl(GradleKotlinCompilerWork.kt:175)&#10;	at org.jetbrains.kotlin.compilerRunner.GradleKotlinCompilerWork.run(GradleKotlinCompilerWork.kt:135)&#10;	at org.jetbrains.kotlin.compilerRunner.GradleCompilerRunnerWithWorkers$GradleKotlinCompilerWorkAction.execute(GradleCompilerRunnerWithWorkers.kt:73)&#10;	at org.gradle.workers.internal.DefaultWorkerServer.execute(DefaultWorkerServer.java:63)&#10;	at org.gradle.workers.internal.NoIsolationWorkerFactory$1$1.create(NoIsolationWorkerFactory.java:66)&#10;	at org.gradle.workers.internal.NoIsolationWorkerFactory$1$1.create(NoIsolationWorkerFactory.java:62)&#10;	at org.gradle.internal.classloader.ClassLoaderUtils.executeInClassloader(ClassLoaderUtils.java:100)&#10;	at org.gradle.workers.internal.NoIsolationWorkerFactory$1.lambda$execute$0(NoIsolationWorkerFactory.java:62)&#10;	at org.gradle.workers.internal.AbstractWorker$1.call(AbstractWorker.java:44)&#10;	at org.gradle.workers.internal.AbstractWorker$1.call(AbstractWorker.java:41)&#10;	at org.gradle.internal.operations.DefaultBuildOperationRunner$CallableBuildOperationWorker.execute(DefaultBuildOperationRunner.java:204)&#10;	at org.gradle.internal.operations.DefaultBuildOperationRunner$CallableBuildOperationWorker.execute(DefaultBuildOperationRunner.java:199)&#10;	at org.gradle.internal.operations.DefaultBuildOperationRunner$2.execute(DefaultBuildOperationRunner.java:66)&#10;	at org.gradle.internal.operations.DefaultBuildOperationRunner$2.execute(DefaultBuildOperationRunner.java:59)&#10;	at org.gradle.internal.operations.DefaultBuildOperationRunner.execute(DefaultBuildOperationRunner.java:157)&#10;	at org.gradle.internal.operations.DefaultBuildOperationRunner.execute(DefaultBuildOperationRunner.java:59)&#10;	at org.gradle.internal.operations.DefaultBuildOperationRunner.call(DefaultBuildOperationRunner.java:53)&#10;	at org.gradle.internal.operations.DefaultBuildOperationExecutor.call(DefaultBuildOperationExecutor.java:73)&#10;	at org.gradle.workers.internal.AbstractWorker.executeWrappedInBuildOperation(AbstractWorker.java:41)&#10;	at org.gradle.workers.internal.NoIsolationWorkerFactory$1.execute(NoIsolationWorkerFactory.java:59)&#10;	at org.gradle.workers.internal.DefaultWorkerExecutor.lambda$submitWork$2(DefaultWorkerExecutor.java:205)&#10;	at java.base/java.util.concurrent.FutureTask.run(FutureTask.java:264)&#10;	at org.gradle.internal.work.DefaultConditionalExecutionQueue$ExecutionRunner.runExecution(DefaultConditionalExecutionQueue.java:187)&#10;	at org.gradle.internal.work.DefaultConditionalExecutionQueue$ExecutionRunner.access$700(DefaultConditionalExecutionQueue.java:120)&#10;	at org.gradle.internal.work.DefaultConditionalExecutionQueue$ExecutionRunner$1.run(DefaultConditionalExecutionQueue.java:162)&#10;	at org.gradle.internal.Factories$1.create(Factories.java:31)&#10;	at org.gradle.internal.work.DefaultWorkerLeaseService.withLocks(DefaultWorkerLeaseService.java:249)&#10;	at org.gradle.internal.work.DefaultWorkerLeaseService.runAsWorkerThread(DefaultWorkerLeaseService.java:109)&#10;	at org.gradle.internal.work.DefaultWorkerLeaseService.runAsWorkerThread(DefaultWorkerLeaseService.java:114)&#10;	at org.gradle.internal.work.DefaultConditionalExecutionQueue$ExecutionRunner.runBatch(DefaultConditionalExecutionQueue.java:157)&#10;	at org.gradle.internal.work.DefaultConditionalExecutionQueue$ExecutionRunner.run(DefaultConditionalExecutionQueue.java:126)&#10;	at java.base/java.util.concurrent.Executors$RunnableAdapter.call(Executors.java:539)&#10;	at java.base/java.util.concurrent.FutureTask.run(FutureTask.java:264)&#10;	at org.gradle.internal.concurrent.ExecutorPolicy$CatchAndRecordFailures.onExecute(ExecutorPolicy.java:64)&#10;	at org.gradle.internal.concurrent.ManagedExecutorImpl$1.run(ManagedExecutorImpl.java:48)&#10;	at java.base/java.util.concurrent.ThreadPoolExecutor.runWorker(ThreadPoolExecutor.java:1136)&#10;	at java.base/java.util.concurrent.ThreadPoolExecutor$Worker.run(ThreadPoolExecutor.java:635)&#10;	at java.base/java.lang.Thread.run(Thread.java:840)&#10;Caused by: java.lang.IllegalArgumentException: this and base files have different roots: C:\Users\darsh\AppData\Local\Pub\Cache\hosted\pub.dev\location-6.0.2\android\src\main\java\com\lyokone\location\FlutterLocationService.kt and D:\Tabibk\android.&#10;	at kotlin.io.FilesKt__UtilsKt.toRelativeString(Utils.kt:117)&#10;	at kotlin.io.FilesKt__UtilsKt.relativeTo(Utils.kt:128)&#10;	at org.jetbrains.kotlin.incremental.storage.RelocatableFileToPathConverter.toPath(RelocatableFileToPathConverter.kt:22)&#10;	at org.jetbrains.kotlin.incremental.storage.ComplementarySourceFilesMap.get(ComplementarySourceFilesMap.kt:22)&#10;	at org.jetbrains.kotlin.incremental.AbstractIncrementalCache.getComplementaryFilesRecursive(AbstractIncrementalCache.kt:219)&#10;	at org.jetbrains.kotlin.incremental.IncrementalCompilerRunner.doCompile(IncrementalCompilerRunner.kt:455)&#10;	at org.jetbrains.kotlin.incremental.IncrementalCompilerRunner.compileImpl(IncrementalCompilerRunner.kt:400)&#10;	at org.jetbrains.kotlin.incremental.IncrementalCompilerRunner.compileNonIncrementally(IncrementalCompilerRunner.kt:281)&#10;	at org.jetbrains.kotlin.incremental.IncrementalCompilerRunner.compile(IncrementalCompilerRunner.kt:125)&#10;	at org.jetbrains.kotlin.daemon.CompileServiceImplBase.execIncrementalCompiler(CompileServiceImpl.kt:657)&#10;	at org.jetbrains.kotlin.daemon.CompileServiceImplBase.access$execIncrementalCompiler(CompileServiceImpl.kt:105)&#10;	at org.jetbrains.kotlin.daemon.CompileServiceImpl.compile(CompileServiceImpl.kt:1624)&#10;	at java.base/jdk.internal.reflect.NativeMethodAccessorImpl.invoke0(Native Method)&#10;	at java.base/jdk.internal.reflect.NativeMethodAccessorImpl.invoke(NativeMethodAccessorImpl.java:77)&#10;	at java.base/jdk.internal.reflect.DelegatingMethodAccessorImpl.invoke(DelegatingMethodAccessorImpl.java:43)&#10;	at java.base/java.lang.reflect.Method.invoke(Method.java:568)&#10;	at java.rmi/sun.rmi.server.UnicastServerRef.dispatch(UnicastServerRef.java:360)&#10;	at java.rmi/sun.rmi.transport.Transport$1.run(Transport.java:200)&#10;	at java.rmi/sun.rmi.transport.Transport$1.run(Transport.java:197)&#10;	at java.base/java.security.AccessController.doPrivileged(AccessController.java:712)&#10;	at java.rmi/sun.rmi.transport.Transport.serviceCall(Transport.java:196)&#10;	at java.rmi/sun.rmi.transport.tcp.TCPTransport.handleMessages(TCPTransport.java:587)&#10;	at java.rmi/sun.rmi.transport.tcp.TCPTransport$ConnectionHandler.run0(TCPTransport.java:828)&#10;	at java.rmi/sun.rmi.transport.tcp.TCPTransport$ConnectionHandler.lambda$run$0(TCPTransport.java:705)&#10;	at java.base/java.security.AccessController.doPrivileged(AccessController.java:399)&#10;	at java.rmi/sun.rmi.transport.tcp.TCPTransport$ConnectionHandler.run(TCPTransport.java:704)&#10;	... 3 more&#10;&#10;Note: Some input files use or override a deprecated API.&#10;Note: Recompile with -Xlint:deprecation for details.&#10;&#10;FAILURE: Build failed with an exception.&#10;&#10;* What went wrong:&#10;Execution failed for task &apos;:app:processDevelopmentReleaseGoogleServices&apos;.&#10;&gt; No matching client found for package name &apos;com.example.tabibk.dev&apos;&#10;&#10;* Try:&#10;&gt; Run with --stacktrace option to get the stack trace.&#10;&gt; Run with --info or --debug option to get more log output.&#10;&gt; Run with --scan to get full insights.&#10;&#10;* Get more help at https://help.gradle.org&#10;&#10;BUILD FAILED in 51s&#10;Running Gradle task &apos;assembleDevelopmentRelease&apos;...                52.8s&#10;Gradle task assembleDevelopmentRelease failed with exit code 1&#10;" />
        
      </testcase>
    
  </testsuite>
</testsuites>
